<?xml version="1.0" encoding="UTF-8"?>
<!-- Generated by org.testng.reporters.JUnitReportReporter -->
<testsuite hostname="LAPTOP-20SHTRE1" failures="0" tests="5" name="Firstproject.E2E.Search_excel" time="20.101" errors="0" timestamp="2022-01-07T00:04:30 IST" skipped="0">
  <testcase classname="Firstproject.E2E.Search_excel" name="search_excel" time="3.415"/>
  <system-out/>
  <testcase classname="Firstproject.E2E.Search_excel" name="search_excel" time="3.128"/>
  <system-out/>
  <testcase classname="Firstproject.E2E.Search_excel" name="search_excel" time="2.666"/>
  <system-out/>
  <testcase classname="Firstproject.E2E.Search_excel" name="Go_home" time="8.154"/>
  <system-out/>
  <testcase classname="Firstproject.E2E.Search_excel" name="search_excel" time="2.738"/>
  <system-out/>
</testsuite> <!-- Firstproject.E2E.Search_excel -->
