<?xml version="1.0" encoding="UTF-8"?>
<!-- Generated by org.testng.reporters.JUnitReportReporter -->
<testsuite hostname="LAPTOP-20SHTRE1" failures="0" tests="4" name="Firstproject.E2E.Search" time="17.592" errors="0" timestamp="2022-01-07T00:04:30 IST" skipped="0">
  <testcase classname="Firstproject.E2E.Search" name="Go_home" time="8.406"/>
  <system-out/>
  <testcase classname="Firstproject.E2E.Search" name="search" time="3.126"/>
  <system-out/>
  <testcase classname="Firstproject.E2E.Search" name="search" time="3.238"/>
  <system-out/>
  <testcase classname="Firstproject.E2E.Search" name="search" time="2.822"/>
  <system-out/>
</testsuite> <!-- Firstproject.E2E.Search -->
