<?xml version="1.0" encoding="UTF-8"?>
<!-- Generated by org.testng.reporters.JUnitReportReporter -->
<testsuite hostname="LAPTOP-20SHTRE1" failures="0" tests="3" name="Firstproject.E2E.Login_check" time="15.900" errors="0" timestamp="2022-01-07T00:04:30 IST" skipped="0">
  <testcase classname="Firstproject.E2E.Login_check" name="Go_home" time="7.370"/>
  <system-out/>
  <testcase classname="Firstproject.E2E.Login_check" name="logincheck" time="8.198"/>
  <system-out/>
  <testcase classname="Firstproject.E2E.Login_check" name="topofffers_click" time="0.332"/>
  <system-out/>
</testsuite> <!-- Firstproject.E2E.Login_check -->
